# JRE version: OpenJDK Runtime Environment Microsoft-25199 (11.0.12+7) (build 11.0.12+7)
# Java VM: OpenJDK 64-Bit Server VM Microsoft-25199 (11.0.12+7, mixed mode, tiered, compressed oops, g1 gc, windows-amd64)
Heap:
 garbage-first heap   total 279552K, used 67935K [0x0000000081a00000, 0x0000000100000000)
  region size 1024K, 4 young (4096K), 4 survivors (4096K)
 Metaspace       used 18068K, capacity 18344K, committed 18432K, reserved 1067008K
  class space    used 1687K, capacity 1785K, committed 1792K, reserved 1048576K
GC Heap History (20 events):
Event: 2.368 GC heap after
{Heap after GC invocations=34 (full 0):
 garbage-first heap   total 40960K, used 18116K [0x0000000081a00000, 0x0000000100000000)
  region size 1024K, 1 young (1024K), 1 survivors (1024K)
 Metaspace       used 13799K, capacity 14004K, committed 14080K, reserved 1062912K
  class space    used 1436K, capacity 1503K, committed 1536K, reserved 1048576K
}
Event: 2.409 GC heap before
{Heap before GC invocations=35 (full 0):
 garbage-first heap   total 40960K, used 22212K [0x0000000081a00000, 0x0000000100000000)
  region size 1024K, 5 young (5120K), 1 survivors (1024K)
 Metaspace       used 13799K, capacity 14004K, committed 14080K, reserved 1062912K
  class space    used 1436K, capacity 1503K, committed 1536K, reserved 1048576K
}
Event: 2.413 GC heap after
{Heap after GC invocations=36 (full 0):
 garbage-first heap   total 40960K, used 20075K [0x0000000081a00000, 0x0000000100000000)
  region size 1024K, 2 young (2048K), 2 survivors (2048K)
 Metaspace       used 13799K, capacity 14004K, committed 14080K, reserved 1062912K
  class space    used 1436K, capacity 1503K, committed 1536K, reserved 1048576K
}
Event: 2.682 GC heap before
{Heap before GC invocations=37 (full 0):
 garbage-first heap   total 40960K, used 30315K [0x0000000081a00000, 0x0000000100000000)
  region size 1024K, 9 young (9216K), 2 survivors (2048K)
 Metaspace       used 13877K, capacity 14132K, committed 14336K, reserved 1062912K
  class space    used 1436K, capacity 1503K, committed 1536K, reserved 1048576K
}
Event: 2.692 GC heap after
{Heap after GC invocations=38 (full 0):
 garbage-first heap   total 72704K, used 22350K [0x0000000081a00000, 0x0000000100000000)
  region size 1024K, 2 young (2048K), 2 survivors (2048K)
 Metaspace       used 13877K, capacity 14132K, committed 14336K, reserved 1062912K
  class space    used 1436K, capacity 1503K, committed 1536K, reserved 1048576K
}
Event: 3.146 GC heap before
{Heap before GC invocations=38 (full 0):
 garbage-first heap   total 72704K, used 38734K [0x0000000081a00000, 0x0000000100000000)
  region size 1024K, 16 young (16384K), 2 survivors (2048K)
 Metaspace       used 14989K, capacity 15301K, committed 15488K, reserved 1062912K
  class space    used 1523K, capacity 1636K, committed 1664K, reserved 1048576K
}
Event: 3.156 GC heap after
{Heap after GC invocations=39 (full 0):
 garbage-first heap   total 72704K, used 29304K [0x0000000081a00000, 0x0000000100000000)
  region size 1024K, 2 young (2048K), 2 survivors (2048K)
 Metaspace       used 14989K, capacity 15301K, committed 15488K, reserved 1062912K
  class space    used 1523K, capacity 1636K, committed 1664K, reserved 1048576K
}
Event: 3.832 GC heap before
{Heap before GC invocations=39 (full 0):
 garbage-first heap   total 72704K, used 44664K [0x0000000081a00000, 0x0000000100000000)
  region size 1024K, 16 young (16384K), 2 survivors (2048K)
 Metaspace       used 15747K, capacity 16050K, committed 16384K, reserved 1064960K
  class space    used 1580K, capacity 1691K, committed 1792K, reserved 1048576K
}
Event: 3.847 GC heap after
{Heap after GC invocations=40 (full 0):
 garbage-first heap   total 72704K, used 34816K [0x0000000081a00000, 0x0000000100000000)
  region size 1024K, 2 young (2048K), 2 survivors (2048K)
 Metaspace       used 15747K, capacity 16050K, committed 16384K, reserved 1064960K
  class space    used 1580K, capacity 1691K, committed 1792K, reserved 1048576K
}
Event: 3.968 GC heap before
{Heap before GC invocations=40 (full 0):
 garbage-first heap   total 72704K, used 48128K [0x0000000081a00000, 0x0000000100000000)
  region size 1024K, 15 young (15360K), 2 survivors (2048K)
 Metaspace       used 15817K, capacity 16181K, committed 16384K, reserved 1064960K
  class space    used 1580K, capacity 1692K, committed 1792K, reserved 1048576K
}
Event: 3.991 GC heap after
{Heap after GC invocations=41 (full 0):
 garbage-first heap   total 72704K, used 43964K [0x0000000081a00000, 0x0000000100000000)
  region size 1024K, 2 young (2048K), 2 survivors (2048K)
 Metaspace       used 15817K, capacity 16181K, committed 16384K, reserved 1064960K
  class space    used 1580K, capacity 1692K, committed 1792K, reserved 1048576K
}
Event: 4.049 GC heap before
{Heap before GC invocations=41 (full 0):
 garbage-first heap   total 72704K, used 52156K [0x0000000081a00000, 0x0000000100000000)
  region size 1024K, 10 young (10240K), 2 survivors (2048K)
 Metaspace       used 15847K, capacity 16189K, committed 16384K, reserved 1064960K
  class space    used 1583K, capacity 1695K, committed 1792K, reserved 1048576K
}
Event: 4.066 GC heap after
{Heap after GC invocations=42 (full 0):
 garbage-first heap   total 145408K, used 50688K [0x0000000081a00000, 0x0000000100000000)
  region size 1024K, 2 young (2048K), 2 survivors (2048K)
 Metaspace       used 15847K, capacity 16189K, committed 16384K, reserved 1064960K
  class space    used 1583K, capacity 1695K, committed 1792K, reserved 1048576K
}
Event: 4.651 GC heap before
{Heap before GC invocations=43 (full 0):
 garbage-first heap   total 145408K, used 80384K [0x0000000081a00000, 0x0000000100000000)
  region size 1024K, 29 young (29696K), 2 survivors (2048K)
 Metaspace       used 16161K, capacity 16464K, committed 16640K, reserved 1064960K
  class space    used 1588K, capacity 1696K, committed 1792K, reserved 1048576K
}
Event: 4.678 GC heap after
{Heap after GC invocations=44 (full 0):
 garbage-first heap   total 145408K, used 59263K [0x0000000081a00000, 0x0000000100000000)
  region size 1024K, 4 young (4096K), 4 survivors (4096K)
 Metaspace       used 16161K, capacity 16464K, committed 16640K, reserved 1064960K
  class space    used 1588K, capacity 1696K, committed 1792K, reserved 1048576K
}
Event: 5.737 GC heap before
{Heap before GC invocations=44 (full 0):
 garbage-first heap   total 145408K, used 88959K [0x0000000081a00000, 0x0000000100000000)
  region size 1024K, 33 young (33792K), 4 survivors (4096K)
 Metaspace       used 17459K, capacity 17700K, committed 17920K, reserved 1064960K
  class space    used 1686K, capacity 1785K, committed 1792K, reserved 1048576K
}
Event: 5.767 GC heap after
{Heap after GC invocations=45 (full 0):
 garbage-first heap   total 145408K, used 64337K [0x0000000081a00000, 0x0000000100000000)
  region size 1024K, 5 young (5120K), 5 survivors (5120K)
 Metaspace       used 17459K, capacity 17700K, committed 17920K, reserved 1064960K
  class space    used 1686K, capacity 1785K, committed 1792K, reserved 1048576K
}
Event: 7.120 GC heap before
{Heap before GC invocations=45 (full 0):
 garbage-first heap   total 145408K, used 94033K [0x0000000081a00000, 0x0000000100000000)
  region size 1024K, 34 young (34816K), 5 survivors (5120K)
 Metaspace       used 17947K, capacity 18215K, committed 18432K, reserved 1067008K
  class space    used 1687K, capacity 1785K, committed 1792K, reserved 1048576K
}
Event: 7.139 GC heap after
{Heap after GC invocations=46 (full 0):
 garbage-first heap   total 145408K, used 66946K [0x0000000081a00000, 0x0000000100000000)
  region size 1024K, 3 young (3072K), 3 survivors (3072K)
 Metaspace       used 17947K, capacity 18215K, committed 18432K, reserved 1067008K
  class space    used 1687K, capacity 1785K, committed 1792K, reserved 1048576K
}
Event: 7.552 GC heap before
{Heap before GC invocations=46 (full 0):
 garbage-first heap   total 145408K, used 98690K [0x0000000081a00000, 0x0000000100000000)
  region size 1024K, 34 young (34816K), 3 survivors (3072K)
 Metaspace       used 18068K, capacity 18344K, committed 18432K, reserved 1067008K
  class space    used 1687K, capacity 1785K, committed 1792K, reserved 1048576K
}

